{"name": "test_invalid_login", "status": "failed", "statusDetails": {"message": "AssertionError: Дасшбоард не открылся\nassert False\n +  where False = <bound method DashboardPage.is_dashboard_displayed of <pages.dashboard_page.DashboardPage object at 0x0000028243178B10>>()\n +    where <bound method DashboardPage.is_dashboard_displayed of <pages.dashboard_page.DashboardPage object at 0x0000028243178B10>> = <pages.dashboard_page.DashboardPage object at 0x0000028243178B10>.is_dashboard_displayed", "trace": "browser = <selenium.webdriver.chrome.webdriver.WebDriver (session=\"fb920e4ee5100618105dfb84ccf0e025\")>\n\n    def test_invalid_login(browser):\n        login_page = LoginPage(browser)\n        login_page.open()\n    \n        login_page.login_windows()\n    \n        login_page.login_button()\n    \n        dashboard_page = DashboardPage(browser)\n        dashboard_page.is_dashboard_displayed()\n>       assert dashboard_page.is_dashboard_displayed(), \"Дасшбоард не открылся\"\nE       AssertionError: Дасшбоард не открылся\nE       assert False\nE        +  where False = <bound method DashboardPage.is_dashboard_displayed of <pages.dashboard_page.DashboardPage object at 0x0000028243178B10>>()\nE        +    where <bound method DashboardPage.is_dashboard_displayed of <pages.dashboard_page.DashboardPage object at 0x0000028243178B10>> = <pages.dashboard_page.DashboardPage object at 0x0000028243178B10>.is_dashboard_displayed\n\ntest_invalid_login.py:19: AssertionError"}, "attachments": [{"name": "stdout", "source": "f878ea7d-2520-49ae-94f0-8efc2b43ef56-attachment.txt", "type": "text/plain"}], "start": 1770896961014, "stop": 1770896989278, "uuid": "337a8f7c-a889-4079-8009-65c32b16445b", "historyId": "55f35891554f4a3a55efb423475adf20", "testCaseId": "55f35891554f4a3a55efb423475adf20", "fullName": "tests.test_invalid_login#test_invalid_login", "labels": [{"name": "parentSuite", "value": "tests"}, {"name": "suite", "value": "test_invalid_login"}, {"name": "host", "value": "DESKTOP-MDK9U0G"}, {"name": "thread", "value": "19736-MainThread"}, {"name": "framework", "value": "pytest"}, {"name": "language", "value": "cpython3"}, {"name": "package", "value": "tests.test_invalid_login"}]}