{"name": "test_valid_login", "status": "failed", "statusDetails": {"message": "AssertionError: Дасшбоард не открылся\nassert False\n +  where False = <bound method DashboardPage.is_dashboard_displayed of <pages.dashboard_page.DashboardPage object at 0x0000024DBA07FA10>>()\n +    where <bound method DashboardPage.is_dashboard_displayed of <pages.dashboard_page.DashboardPage object at 0x0000024DBA07FA10>> = <pages.dashboard_page.DashboardPage object at 0x0000024DBA07FA10>.is_dashboard_displayed", "trace": "browser = <selenium.webdriver.chrome.webdriver.WebDriver (session=\"323cccac530216932efdf905fb4499f0\")>\n\n    def test_valid_login(browser):\n        login_page = LoginPage(browser)\n        login_page.open()\n    \n        login_page.login_windows()\n    \n        login_page.login_button()\n    \n        dashboard_page = DashboardPage(browser)\n>       assert dashboard_page.is_dashboard_displayed(), \"Дасшбоард не открылся\"\nE       AssertionError: Дасшбоард не открылся\nE       assert False\nE        +  where False = <bound method DashboardPage.is_dashboard_displayed of <pages.dashboard_page.DashboardPage object at 0x0000024DBA07FA10>>()\nE        +    where <bound method DashboardPage.is_dashboard_displayed of <pages.dashboard_page.DashboardPage object at 0x0000024DBA07FA10>> = <pages.dashboard_page.DashboardPage object at 0x0000024DBA07FA10>.is_dashboard_displayed\n\ntest_smoke.py:18: AssertionError"}, "attachments": [{"name": "stdout", "source": "923fd194-d9a3-463d-80bb-52e39d80e28b-attachment.txt", "type": "text/plain"}], "start": 1770897876576, "stop": 1770897893191, "uuid": "9274e681-ba86-4812-b394-2920463c7552", "historyId": "da66335a1a3e1783fb3d6ef22647f7e9", "testCaseId": "da66335a1a3e1783fb3d6ef22647f7e9", "fullName": "tests.test_smoke#test_valid_login", "labels": [{"name": "parentSuite", "value": "tests"}, {"name": "suite", "value": "test_smoke"}, {"name": "host", "value": "DESKTOP-MDK9U0G"}, {"name": "thread", "value": "19292-MainThread"}, {"name": "framework", "value": "pytest"}, {"name": "language", "value": "cpython3"}, {"name": "package", "value": "tests.test_smoke"}]}