{"name": "test_valid_login", "status": "failed", "statusDetails": {"message": "AssertionError: Дасшбоард не открылся\nassert False\n +  where False = <bound method DashboardPage.is_dashboard_displayed of <pages.dashboard_page.DashboardPage object at 0x000002238736B850>>()\n +    where <bound method DashboardPage.is_dashboard_displayed of <pages.dashboard_page.DashboardPage object at 0x000002238736B850>> = <pages.dashboard_page.DashboardPage object at 0x000002238736B850>.is_dashboard_displayed", "trace": "browser = <selenium.webdriver.chrome.webdriver.WebDriver (session=\"f85f588d774d2516c00dd4f1d2e3695e\")>\n\n    def test_valid_login(browser):\n        login_page = LoginPage(browser)\n        login_page.open()\n    \n        login_page.login_windows()\n    \n        login_page.login_button()\n    \n        dashboard_page = DashboardPage(browser)\n>       assert dashboard_page.is_dashboard_displayed(), \"Дасшбоард не открылся\"\nE       AssertionError: Дасшбоард не открылся\nE       assert False\nE        +  where False = <bound method DashboardPage.is_dashboard_displayed of <pages.dashboard_page.DashboardPage object at 0x000002238736B850>>()\nE        +    where <bound method DashboardPage.is_dashboard_displayed of <pages.dashboard_page.DashboardPage object at 0x000002238736B850>> = <pages.dashboard_page.DashboardPage object at 0x000002238736B850>.is_dashboard_displayed\n\ntest_smoke.py:18: AssertionError"}, "attachments": [{"name": "stdout", "source": "bb3fd422-6325-448c-96c9-8ebc95ee6202-attachment.txt", "type": "text/plain"}], "start": 1770897584791, "stop": 1770897604867, "uuid": "12bfa7d9-9cce-480c-8a43-1a69f89c5ae2", "historyId": "da66335a1a3e1783fb3d6ef22647f7e9", "testCaseId": "da66335a1a3e1783fb3d6ef22647f7e9", "fullName": "tests.test_smoke#test_valid_login", "labels": [{"name": "parentSuite", "value": "tests"}, {"name": "suite", "value": "test_smoke"}, {"name": "host", "value": "DESKTOP-MDK9U0G"}, {"name": "thread", "value": "11308-MainThread"}, {"name": "framework", "value": "pytest"}, {"name": "language", "value": "cpython3"}, {"name": "package", "value": "tests.test_smoke"}]}