{"name": "test_invalid_login", "status": "failed", "statusDetails": {"message": "AssertionError: assert None\n +  where None = <bound method LoginPage.get_error_message of <pages.login_page.LoginPage object at 0x000001FAC6F1A890>>()\n +    where <bound method LoginPage.get_error_message of <pages.login_page.LoginPage object at 0x000001FAC6F1A890>> = <pages.login_page.LoginPage object at 0x000001FAC6F1A890>.get_error_message", "trace": "browser = <selenium.webdriver.chrome.webdriver.WebDriver (session=\"9c3ef10ad0f2ce25eb7d3baf05893959\")>\n\n    def test_invalid_login(browser):\n        login_page = LoginPage(browser)\n        login_page.open()\n    \n        login_page.login_windows(\"Admin\", \"wrong_password\")\n    \n        login_page.login_button()\n    \n>       assert login_page.get_error_message()\nE       assert None\nE        +  where None = <bound method LoginPage.get_error_message of <pages.login_page.LoginPage object at 0x000001FAC6F1A890>>()\nE        +    where <bound method LoginPage.get_error_message of <pages.login_page.LoginPage object at 0x000001FAC6F1A890>> = <pages.login_page.LoginPage object at 0x000001FAC6F1A890>.get_error_message\n\ntest_invalid_login.py:17: AssertionError"}, "attachments": [{"name": "stdout", "source": "3516f7d1-e192-4cf7-89e5-eb96e1264e8e-attachment.txt", "type": "text/plain"}], "start": 1770898542589, "stop": 1770898561198, "uuid": "e42a3498-d708-4870-8530-2b696409c140", "historyId": "55f35891554f4a3a55efb423475adf20", "testCaseId": "55f35891554f4a3a55efb423475adf20", "fullName": "tests.test_invalid_login#test_invalid_login", "labels": [{"name": "parentSuite", "value": "tests"}, {"name": "suite", "value": "test_invalid_login"}, {"name": "host", "value": "DESKTOP-MDK9U0G"}, {"name": "thread", "value": "23280-MainThread"}, {"name": "framework", "value": "pytest"}, {"name": "language", "value": "cpython3"}, {"name": "package", "value": "tests.test_invalid_login"}]}