{"name": "test_invalid_login", "status": "broken", "statusDetails": {"message": "selenium.common.exceptions.TimeoutException: Message: \nStacktrace:\nSymbols not available. Dumping unresolved backtrace:\n\t0x7ff7af1af3d5\n\t0x7ff7af1af430\n\t0x7ff7aef510bd\n\t0x7ff7aefac2fe\n\t0x7ff7aefac60c\n\t0x7ff7aeffd187\n\t0x7ff7aeff9d08\n\t0x7ff7aef9cb0c\n\t0x7ff7aef9da53\n\t0x7ff7af48b470\n\t0x7ff7af48586d\n\t0x7ff7af4a621a\n\t0x7ff7af1cb235\n\t0x7ff7af1d3a5c\n\t0x7ff7af1b8844\n\t0x7ff7af1b89f6\n\t0x7ff7af19eb87\n\t0x7ff99a2de8d7\n\t0x7ff99b76c40c", "trace": "browser = <selenium.webdriver.chrome.webdriver.WebDriver (session=\"b68afb12caba9018ec7e5a77827e1b72\")>\n\n    def test_invalid_login(browser):\n        driver = browser\n        driver.get(\"https://opensource-demo.orangehrmlive.com/\")\n        print(f\"Текущий URL: {driver.current_url}\")\n    \n        assert driver.title  == \"OrangeHRM\"\n        print(\"Открылся сайт: OrangeHRM\")\n    \n        wait = WebDriverWait(driver, 10)\n    \n        username_field = wait.until(\n            EC.presence_of_element_located((USERNAME_FIELD))\n        )\n        userpassword_field = wait.until(\n            EC.presence_of_element_located((PASSWORD_FIELD))\n        )\n    \n        assert username_field.is_displayed()\n        assert driver.find_element(By.NAME, \"password\").is_displayed()\n        print(\"Поля ввода отображаются\")\n    \n        username_field.send_keys(\"Admin\")\n        userpassword_field.send_keys(\"wrong_password\")\n        print(\"Данные введены\")\n    \n        login_button = wait.until(\n            EC.element_to_be_clickable((LOGIN_BUTTON))\n        )\n        login_button.click()\n        print(\"Кнопка 'Login' нажата\")\n    \n>       messages = wait.until(\n            EC.presence_of_element_located((MESSAGE))\n        )\n\ntest_invalid_login.py:47: \n_ _ _ _ _ _ _ _ _ _ _ _ _ _ _ _ _ _ _ _ _ _ _ _ _ _ _ _ _ _ _ _ _ _ _ _ _ _ _ _\n\nself = <selenium.webdriver.support.wait.WebDriverWait (session=\"b68afb12caba9018ec7e5a77827e1b72\")>\nmethod = <function presence_of_element_located.<locals>._predicate at 0x000001ECEB5A5A80>\nmessage = ''\n\n    def until(self, method: Callable[[WebDriver], Union[Literal[False], T]], message: str = \"\") -> T:\n        \"\"\"Calls the method provided with the driver as an argument until the \\\n        return value does not evaluate to ``False``.\n    \n        :param method: callable(WebDriver)\n        :param message: optional message for :exc:`TimeoutException`\n        :returns: the result of the last call to `method`\n        :raises: :exc:`selenium.common.exceptions.TimeoutException` if timeout occurs\n        \"\"\"\n        screen = None\n        stacktrace = None\n    \n        end_time = time.monotonic() + self._timeout\n        while True:\n            try:\n                value = method(self._driver)\n                if value:\n                    return value\n            except self._ignored_exceptions as exc:\n                screen = getattr(exc, \"screen\", None)\n                stacktrace = getattr(exc, \"stacktrace\", None)\n            time.sleep(self._poll)\n            if time.monotonic() > end_time:\n                break\n>       raise TimeoutException(message, screen, stacktrace)\nE       selenium.common.exceptions.TimeoutException: Message: \nE       Stacktrace:\nE       Symbols not available. Dumping unresolved backtrace:\nE       \t0x7ff7af1af3d5\nE       \t0x7ff7af1af430\nE       \t0x7ff7aef510bd\nE       \t0x7ff7aefac2fe\nE       \t0x7ff7aefac60c\nE       \t0x7ff7aeffd187\nE       \t0x7ff7aeff9d08\nE       \t0x7ff7aef9cb0c\nE       \t0x7ff7aef9da53\nE       \t0x7ff7af48b470\nE       \t0x7ff7af48586d\nE       \t0x7ff7af4a621a\nE       \t0x7ff7af1cb235\nE       \t0x7ff7af1d3a5c\nE       \t0x7ff7af1b8844\nE       \t0x7ff7af1b89f6\nE       \t0x7ff7af19eb87\nE       \t0x7ff99a2de8d7\nE       \t0x7ff99b76c40c\n\n..\\..\\sauce_demo_autotests\\.venv\\Lib\\site-packages\\selenium\\webdriver\\support\\wait.py:101: TimeoutException"}, "attachments": [{"name": "stdout", "source": "8ecb2547-0b39-4945-81f9-f5dfe0f94c9a-attachment.txt", "type": "text/plain"}], "start": 1770799146293, "stop": 1770799170865, "uuid": "f1bd28b4-a335-4134-a528-5615192785cf", "historyId": "55f35891554f4a3a55efb423475adf20", "testCaseId": "55f35891554f4a3a55efb423475adf20", "fullName": "tests.test_invalid_login#test_invalid_login", "labels": [{"name": "parentSuite", "value": "tests"}, {"name": "suite", "value": "test_invalid_login"}, {"name": "host", "value": "DESKTOP-MDK9U0G"}, {"name": "thread", "value": "9324-MainThread"}, {"name": "framework", "value": "pytest"}, {"name": "language", "value": "cpython3"}, {"name": "package", "value": "tests.test_invalid_login"}]}