{"name": "test_smoke", "status": "broken", "statusDetails": {"message": "selenium.common.exceptions.NoSuchElementException: Message: no such element: Unable to locate element: {\"method\":\"css selector\",\"selector\":\"button[text='Login']\"}\n  (Session info: chrome=144.0.7559.133); For documentation on this error, please visit: https://www.selenium.dev/documentation/webdriver/troubleshooting/errors#no-such-element-exception\nStacktrace:\nSymbols not available. Dumping unresolved backtrace:\n\t0x7ff6debef3d5\n\t0x7ff6debef430\n\t0x7ff6de9910bd\n\t0x7ff6de9ec2fe\n\t0x7ff6de9ec60c\n\t0x7ff6dea3d187\n\t0x7ff6dea39d08\n\t0x7ff6de9dcb0c\n\t0x7ff6de9dda53\n\t0x7ff6deecb470\n\t0x7ff6deec586d\n\t0x7ff6deee621a\n\t0x7ff6dec0b235\n\t0x7ff6dec13a5c\n\t0x7ff6debf8844\n\t0x7ff6debf89f6\n\t0x7ff6debdeb87\n\t0x7ff91b12e8d7\n\t0x7ff91b5ec53c", "trace": "def test_smoke():\n        driver = webdriver.Chrome()\n        driver.get(\"https://opensource-demo.orangehrmlive.com/\")\n    \n        assert driver.title == \"OrangeHRM\"\n        print(\"OrangeHRM сайт открылся\")\n    \n        wait = WebDriverWait(driver, 10)\n    \n        username_field = wait.until(\n            EC.presence_of_element_located((By.NAME,\"username\"))\n        )\n    \n        assert username_field.is_displayed()\n        assert driver.find_element(By.NAME, \"password\").is_displayed()\n>       assert driver.find_element(By.CSS_SELECTOR, \"button[text='Login']\").is_displayed()\n\ntest_smoke.py:21: \n_ _ _ _ _ _ _ _ _ _ _ _ _ _ _ _ _ _ _ _ _ _ _ _ _ _ _ _ _ _ _ _ _ _ _ _ _ _ _ _\n..\\..\\sauce_demo_autotests\\.venv\\Lib\\site-packages\\selenium\\webdriver\\remote\\webdriver.py:740: in find_element\n    return self.execute(Command.FIND_ELEMENT, {\"using\": by, \"value\": value})[\"value\"]\n..\\..\\sauce_demo_autotests\\.venv\\Lib\\site-packages\\selenium\\webdriver\\remote\\webdriver.py:346: in execute\n    self.error_handler.check_response(response)\n_ _ _ _ _ _ _ _ _ _ _ _ _ _ _ _ _ _ _ _ _ _ _ _ _ _ _ _ _ _ _ _ _ _ _ _ _ _ _ _\n\nself = <selenium.webdriver.remote.errorhandler.ErrorHandler object at 0x000002F70105DB90>\nresponse = {'status': 404, 'value': '{\"value\":{\"error\":\"no such element\",\"message\":\"no such element: Unable to locate element: {\\...ff6dec13a5c\\\\n\\\\t0x7ff6debf8844\\\\n\\\\t0x7ff6debf89f6\\\\n\\\\t0x7ff6debdeb87\\\\n\\\\t0x7ff91b12e8d7\\\\n\\\\t0x7ff91b5ec53c\\\\n\"}}'}\n\n    def check_response(self, response: Dict[str, Any]) -> None:\n        \"\"\"Checks that a JSON response from the WebDriver does not have an\n        error.\n    \n        :Args:\n         - response - The JSON response from the WebDriver server as a dictionary\n           object.\n    \n        :Raises: If the response contains an error message.\n        \"\"\"\n        status = response.get(\"status\", None)\n        if not status or status == ErrorCode.SUCCESS:\n            return\n        value = None\n        message = response.get(\"message\", \"\")\n        screen: str = response.get(\"screen\", \"\")\n        stacktrace = None\n        if isinstance(status, int):\n            value_json = response.get(\"value\", None)\n            if value_json and isinstance(value_json, str):\n                import json\n    \n                try:\n                    value = json.loads(value_json)\n                    if len(value) == 1:\n                        value = value[\"value\"]\n                    status = value.get(\"error\", None)\n                    if not status:\n                        status = value.get(\"status\", ErrorCode.UNKNOWN_ERROR)\n                        message = value.get(\"value\") or value.get(\"message\")\n                        if not isinstance(message, str):\n                            value = message\n                            message = message.get(\"message\")\n                    else:\n                        message = value.get(\"message\", None)\n                except ValueError:\n                    pass\n    \n        exception_class: Type[WebDriverException]\n        e = ErrorCode()\n        error_codes = [item for item in dir(e) if not item.startswith(\"__\")]\n        for error_code in error_codes:\n            error_info = getattr(ErrorCode, error_code)\n            if isinstance(error_info, list) and status in error_info:\n                exception_class = getattr(ExceptionMapping, error_code, WebDriverException)\n                break\n        else:\n            exception_class = WebDriverException\n    \n        if not value:\n            value = response[\"value\"]\n        if isinstance(value, str):\n            raise exception_class(value)\n        if message == \"\" and \"message\" in value:\n            message = value[\"message\"]\n    \n        screen = None  # type: ignore[assignment]\n        if \"screen\" in value:\n            screen = value[\"screen\"]\n    \n        stacktrace = None\n        st_value = value.get(\"stackTrace\") or value.get(\"stacktrace\")\n        if st_value:\n            if isinstance(st_value, str):\n                stacktrace = st_value.split(\"\\n\")\n            else:\n                stacktrace = []\n                try:\n                    for frame in st_value:\n                        line = frame.get(\"lineNumber\", \"\")\n                        file = frame.get(\"fileName\", \"<anonymous>\")\n                        if line:\n                            file = f\"{file}:{line}\"\n                        meth = frame.get(\"methodName\", \"<anonymous>\")\n                        if \"className\" in frame:\n                            meth = f\"{frame['className']}.{meth}\"\n                        msg = \"    at %s (%s)\"\n                        msg = msg % (meth, file)\n                        stacktrace.append(msg)\n                except TypeError:\n                    pass\n        if exception_class == UnexpectedAlertPresentException:\n            alert_text = None\n            if \"data\" in value:\n                alert_text = value[\"data\"].get(\"text\")\n            elif \"alert\" in value:\n                alert_text = value[\"alert\"].get(\"text\")\n            raise exception_class(message, screen, stacktrace, alert_text)  # type: ignore[call-arg]  # mypy is not smart enough here\n>       raise exception_class(message, screen, stacktrace)\nE       selenium.common.exceptions.NoSuchElementException: Message: no such element: Unable to locate element: {\"method\":\"css selector\",\"selector\":\"button[text='Login']\"}\nE         (Session info: chrome=144.0.7559.133); For documentation on this error, please visit: https://www.selenium.dev/documentation/webdriver/troubleshooting/errors#no-such-element-exception\nE       Stacktrace:\nE       Symbols not available. Dumping unresolved backtrace:\nE       \t0x7ff6debef3d5\nE       \t0x7ff6debef430\nE       \t0x7ff6de9910bd\nE       \t0x7ff6de9ec2fe\nE       \t0x7ff6de9ec60c\nE       \t0x7ff6dea3d187\nE       \t0x7ff6dea39d08\nE       \t0x7ff6de9dcb0c\nE       \t0x7ff6de9dda53\nE       \t0x7ff6deecb470\nE       \t0x7ff6deec586d\nE       \t0x7ff6deee621a\nE       \t0x7ff6dec0b235\nE       \t0x7ff6dec13a5c\nE       \t0x7ff6debf8844\nE       \t0x7ff6debf89f6\nE       \t0x7ff6debdeb87\nE       \t0x7ff91b12e8d7\nE       \t0x7ff91b5ec53c\n\n..\\..\\sauce_demo_autotests\\.venv\\Lib\\site-packages\\selenium\\webdriver\\remote\\errorhandler.py:229: NoSuchElementException"}, "attachments": [{"name": "stdout", "source": "d106b2e0-7fc6-491c-bc52-30fed432f830-attachment.txt", "type": "text/plain"}], "start": 1770736358724, "stop": 1770736368007, "uuid": "b01bbabc-246f-4e33-9a76-ba70f8b253d2", "historyId": "bb8049d0225395e1afee21e6508d8db4", "testCaseId": "bb8049d0225395e1afee21e6508d8db4", "fullName": "tests.test_smoke#test_smoke", "labels": [{"name": "parentSuite", "value": "tests"}, {"name": "suite", "value": "test_smoke"}, {"name": "host", "value": "DESKTOP-MDK9U0G"}, {"name": "thread", "value": "19264-MainThread"}, {"name": "framework", "value": "pytest"}, {"name": "language", "value": "cpython3"}, {"name": "package", "value": "tests.test_smoke"}]}