{"name": "test_invalid_login", "status": "failed", "statusDetails": {"message": "AssertionError: assert None\n +  where None = <bound method LoginPage.get_error_message of <pages.login_page.LoginPage object at 0x000002DF84D2BE50>>()\n +    where <bound method LoginPage.get_error_message of <pages.login_page.LoginPage object at 0x000002DF84D2BE50>> = <pages.login_page.LoginPage object at 0x000002DF84D2BE50>.get_error_message", "trace": "browser = <selenium.webdriver.chrome.webdriver.WebDriver (session=\"e5a691cbf8985c850976c812c95fb6cb\")>\n\n    def test_invalid_login(browser):\n        login_page = LoginPage(browser)\n        login_page.open()\n    \n        login_page.login_windows(\"Admin\", \"wrong_password\")\n    \n        login_page.login_button()\n    \n>       assert login_page.get_error_message()\nE       assert None\nE        +  where None = <bound method LoginPage.get_error_message of <pages.login_page.LoginPage object at 0x000002DF84D2BE50>>()\nE        +    where <bound method LoginPage.get_error_message of <pages.login_page.LoginPage object at 0x000002DF84D2BE50>> = <pages.login_page.LoginPage object at 0x000002DF84D2BE50>.get_error_message\n\ntest_invalid_login.py:17: AssertionError"}, "attachments": [{"name": "stdout", "source": "153ef767-8332-44bf-8bf2-eb5852045aa9-attachment.txt", "type": "text/plain"}], "start": 1770898611968, "stop": 1770898627934, "uuid": "2e9b4f5a-3dd8-4be9-b945-ed91ee9f0cd2", "historyId": "55f35891554f4a3a55efb423475adf20", "testCaseId": "55f35891554f4a3a55efb423475adf20", "fullName": "tests.test_invalid_login#test_invalid_login", "labels": [{"name": "parentSuite", "value": "tests"}, {"name": "suite", "value": "test_invalid_login"}, {"name": "host", "value": "DESKTOP-MDK9U0G"}, {"name": "thread", "value": "26620-MainThread"}, {"name": "framework", "value": "pytest"}, {"name": "language", "value": "cpython3"}, {"name": "package", "value": "tests.test_invalid_login"}]}