{"name": "test_invalid_login", "status": "failed", "statusDetails": {"message": "AssertionError: assert None\n +  where None = <bound method DashboardPage.get_open_URL of <pages.dashboard_page.DashboardPage object at 0x0000027264373010>>()\n +    where <bound method DashboardPage.get_open_URL of <pages.dashboard_page.DashboardPage object at 0x0000027264373010>> = <pages.dashboard_page.DashboardPage object at 0x0000027264373010>.get_open_URL", "trace": "browser = <selenium.webdriver.chrome.webdriver.WebDriver (session=\"fdeda5626c63bbdb56bf519bdec9b4f0\")>\n\n    def test_invalid_login(browser):\n        login_page = LoginPage(browser)\n        login_page.open()\n    \n        login_page.login_windows()\n    \n        login_page.login_button()\n    \n        dashboard_page = DashboardPage(browser)\n        dashboard_page.URL_dashboard()\n>       assert dashboard_page.get_open_URL()\nE       assert None\nE        +  where None = <bound method DashboardPage.get_open_URL of <pages.dashboard_page.DashboardPage object at 0x0000027264373010>>()\nE        +    where <bound method DashboardPage.get_open_URL of <pages.dashboard_page.DashboardPage object at 0x0000027264373010>> = <pages.dashboard_page.DashboardPage object at 0x0000027264373010>.get_open_URL\n\ntest_invalid_login.py:19: AssertionError"}, "attachments": [{"name": "stdout", "source": "981038a6-8cc2-4622-9b44-7677c79a3ecf-attachment.txt", "type": "text/plain"}], "start": 1770896235423, "stop": 1770896247300, "uuid": "60392c21-8b6b-43d2-be2c-df9848fb8b89", "historyId": "55f35891554f4a3a55efb423475adf20", "testCaseId": "55f35891554f4a3a55efb423475adf20", "fullName": "tests.test_invalid_login#test_invalid_login", "labels": [{"name": "parentSuite", "value": "tests"}, {"name": "suite", "value": "test_invalid_login"}, {"name": "host", "value": "DESKTOP-MDK9U0G"}, {"name": "thread", "value": "21952-MainThread"}, {"name": "framework", "value": "pytest"}, {"name": "language", "value": "cpython3"}, {"name": "package", "value": "tests.test_invalid_login"}]}