{"name": "test_invalid_login", "status": "broken", "statusDetails": {"message": "selenium.common.exceptions.TimeoutException: Message: \nStacktrace:\nSymbols not available. Dumping unresolved backtrace:\n\t0x7ff7f406f3d5\n\t0x7ff7f406f430\n\t0x7ff7f3e110bd\n\t0x7ff7f3e6c2fe\n\t0x7ff7f3e6c60c\n\t0x7ff7f3ebd187\n\t0x7ff7f3eb9d08\n\t0x7ff7f3e5cb0c\n\t0x7ff7f3e5da53\n\t0x7ff7f434b470\n\t0x7ff7f434586d\n\t0x7ff7f436621a\n\t0x7ff7f408b235\n\t0x7ff7f4093a5c\n\t0x7ff7f4078844\n\t0x7ff7f40789f6\n\t0x7ff7f405eb87\n\t0x7ff99a2de8d7\n\t0x7ff99b76c40c", "trace": "browser = <selenium.webdriver.chrome.webdriver.WebDriver (session=\"88224e68cd1fc4e4ed03bfe27ddc09b7\")>\n\n    def test_invalid_login(browser):\n        login_page = LoginPage(browser)\n        login_page.open()\n    \n>       login_page.login_windows()\n\ntest_invalid_login.py:12: \n_ _ _ _ _ _ _ _ _ _ _ _ _ _ _ _ _ _ _ _ _ _ _ _ _ _ _ _ _ _ _ _ _ _ _ _ _ _ _ _\n..\\pages\\login_page.py:27: in login_windows\n    self.wait.until(\n_ _ _ _ _ _ _ _ _ _ _ _ _ _ _ _ _ _ _ _ _ _ _ _ _ _ _ _ _ _ _ _ _ _ _ _ _ _ _ _\n\nself = <selenium.webdriver.support.wait.WebDriverWait (session=\"88224e68cd1fc4e4ed03bfe27ddc09b7\")>\nmethod = <function presence_of_element_located.<locals>._predicate at 0x00000273BE0794E0>\nmessage = ''\n\n    def until(self, method: Callable[[WebDriver], Union[Literal[False], T]], message: str = \"\") -> T:\n        \"\"\"Calls the method provided with the driver as an argument until the \\\n        return value does not evaluate to ``False``.\n    \n        :param method: callable(WebDriver)\n        :param message: optional message for :exc:`TimeoutException`\n        :returns: the result of the last call to `method`\n        :raises: :exc:`selenium.common.exceptions.TimeoutException` if timeout occurs\n        \"\"\"\n        screen = None\n        stacktrace = None\n    \n        end_time = time.monotonic() + self._timeout\n        while True:\n            try:\n                value = method(self._driver)\n                if value:\n                    return value\n            except self._ignored_exceptions as exc:\n                screen = getattr(exc, \"screen\", None)\n                stacktrace = getattr(exc, \"stacktrace\", None)\n            time.sleep(self._poll)\n            if time.monotonic() > end_time:\n                break\n>       raise TimeoutException(message, screen, stacktrace)\nE       selenium.common.exceptions.TimeoutException: Message: \nE       Stacktrace:\nE       Symbols not available. Dumping unresolved backtrace:\nE       \t0x7ff7f406f3d5\nE       \t0x7ff7f406f430\nE       \t0x7ff7f3e110bd\nE       \t0x7ff7f3e6c2fe\nE       \t0x7ff7f3e6c60c\nE       \t0x7ff7f3ebd187\nE       \t0x7ff7f3eb9d08\nE       \t0x7ff7f3e5cb0c\nE       \t0x7ff7f3e5da53\nE       \t0x7ff7f434b470\nE       \t0x7ff7f434586d\nE       \t0x7ff7f436621a\nE       \t0x7ff7f408b235\nE       \t0x7ff7f4093a5c\nE       \t0x7ff7f4078844\nE       \t0x7ff7f40789f6\nE       \t0x7ff7f405eb87\nE       \t0x7ff99a2de8d7\nE       \t0x7ff99b76c40c\n\n..\\..\\sauce_demo_autotests\\.venv\\Lib\\site-packages\\selenium\\webdriver\\support\\wait.py:101: TimeoutException"}, "attachments": [{"name": "stdout", "source": "728f8d28-11db-4c5a-abb8-ed4f320cbc3a-attachment.txt", "type": "text/plain"}], "start": 1770893322104, "stop": 1770893367806, "uuid": "508bae3f-f57a-42be-8631-9ad7adf13f7e", "historyId": "55f35891554f4a3a55efb423475adf20", "testCaseId": "55f35891554f4a3a55efb423475adf20", "fullName": "tests.test_invalid_login#test_invalid_login", "labels": [{"name": "parentSuite", "value": "tests"}, {"name": "suite", "value": "test_invalid_login"}, {"name": "host", "value": "DESKTOP-MDK9U0G"}, {"name": "thread", "value": "29272-MainThread"}, {"name": "framework", "value": "pytest"}, {"name": "language", "value": "cpython3"}, {"name": "package", "value": "tests.test_invalid_login"}]}