{"name": "test_invalid_login", "status": "failed", "statusDetails": {"message": "AssertionError: Дасшбоард не открылся\nassert False\n +  where False = <bound method DashboardPage.is_dashboard_displayed of <pages.dashboard_page.DashboardPage object at 0x000001A79797E1D0>>()\n +    where <bound method DashboardPage.is_dashboard_displayed of <pages.dashboard_page.DashboardPage object at 0x000001A79797E1D0>> = <pages.dashboard_page.DashboardPage object at 0x000001A79797E1D0>.is_dashboard_displayed", "trace": "browser = <selenium.webdriver.chrome.webdriver.WebDriver (session=\"de4ede9cb3405d81efae08dc77d52f16\")>\n\n    def test_invalid_login(browser):\n        login_page = LoginPage(browser)\n        login_page.open()\n    \n        login_page.login_windows()\n    \n        login_page.login_button()\n    \n        dashboard_page = DashboardPage(browser)\n>       assert dashboard_page.is_dashboard_displayed(), \"Дасшбоард не открылся\"\nE       AssertionError: Дасшбоард не открылся\nE       assert False\nE        +  where False = <bound method DashboardPage.is_dashboard_displayed of <pages.dashboard_page.DashboardPage object at 0x000001A79797E1D0>>()\nE        +    where <bound method DashboardPage.is_dashboard_displayed of <pages.dashboard_page.DashboardPage object at 0x000001A79797E1D0>> = <pages.dashboard_page.DashboardPage object at 0x000001A79797E1D0>.is_dashboard_displayed\n\ntest_invalid_login.py:18: AssertionError"}, "attachments": [{"name": "stdout", "source": "69da2ce7-e5f9-4fe8-9b63-50d12128d348-attachment.txt", "type": "text/plain"}], "start": 1770897103769, "stop": 1770897129465, "uuid": "354cce80-eca4-407a-a3f8-ad74251d5832", "historyId": "55f35891554f4a3a55efb423475adf20", "testCaseId": "55f35891554f4a3a55efb423475adf20", "fullName": "tests.test_invalid_login#test_invalid_login", "labels": [{"name": "parentSuite", "value": "tests"}, {"name": "suite", "value": "test_invalid_login"}, {"name": "host", "value": "DESKTOP-MDK9U0G"}, {"name": "thread", "value": "28932-MainThread"}, {"name": "framework", "value": "pytest"}, {"name": "language", "value": "cpython3"}, {"name": "package", "value": "tests.test_invalid_login"}]}