{"name": "test_invalid_login", "status": "failed", "statusDetails": {"message": "AssertionError: Дасшбоард не открылся\nassert False\n +  where False = <bound method DashboardPage.is_dashboard_displayed of <pages.dashboard_page.DashboardPage object at 0x0000026941873DD0>>()\n +    where <bound method DashboardPage.is_dashboard_displayed of <pages.dashboard_page.DashboardPage object at 0x0000026941873DD0>> = <pages.dashboard_page.DashboardPage object at 0x0000026941873DD0>.is_dashboard_displayed", "trace": "browser = <selenium.webdriver.chrome.webdriver.WebDriver (session=\"23d2d4cc02dd504fdbb609c103c40772\")>\n\n    def test_invalid_login(browser):\n        login_page = LoginPage(browser)\n        login_page.open()\n    \n        login_page.login_windows()\n    \n        login_page.login_button()\n    \n        dashboard_page = DashboardPage(browser)\n        dashboard_page.is_dashboard_displayed()\n>       assert dashboard_page.is_dashboard_displayed(), \"Дасшбоард не открылся\"\nE       AssertionError: Дасшбоард не открылся\nE       assert False\nE        +  where False = <bound method DashboardPage.is_dashboard_displayed of <pages.dashboard_page.DashboardPage object at 0x0000026941873DD0>>()\nE        +    where <bound method DashboardPage.is_dashboard_displayed of <pages.dashboard_page.DashboardPage object at 0x0000026941873DD0>> = <pages.dashboard_page.DashboardPage object at 0x0000026941873DD0>.is_dashboard_displayed\n\ntest_invalid_login.py:19: AssertionError"}, "attachments": [{"name": "stdout", "source": "3e9d47f9-30ae-499a-acbe-e2dc8ff22794-attachment.txt", "type": "text/plain"}], "start": 1770897030407, "stop": 1770897067541, "uuid": "011b4968-7112-483a-b7de-f15648f55f1a", "historyId": "55f35891554f4a3a55efb423475adf20", "testCaseId": "55f35891554f4a3a55efb423475adf20", "fullName": "tests.test_invalid_login#test_invalid_login", "labels": [{"name": "parentSuite", "value": "tests"}, {"name": "suite", "value": "test_invalid_login"}, {"name": "host", "value": "DESKTOP-MDK9U0G"}, {"name": "thread", "value": "21128-MainThread"}, {"name": "framework", "value": "pytest"}, {"name": "language", "value": "cpython3"}, {"name": "package", "value": "tests.test_invalid_login"}]}