{"uid":"439fa680f57d2653","name":"test_orangehrm_opens","fullName":"tests.test_smoke#test_orangehrm_opens","historyId":"1303e7f858b213a4b16466f663720d81","time":{"start":1770731038773,"stop":1770731050849,"duration":12076},"status":"passed","flaky":false,"newFailed":false,"newBroken":false,"newPassed":false,"retriesCount":3,"retriesStatusChange":true,"beforeStages":[{"name":"_session_faker","time":{"start":1770731038662,"stop":1770731038773,"duration":111},"status":"passed","steps":[],"attachments":[],"parameters":[],"shouldDisplayMessage":false,"stepsCount":0,"attachmentsCount":0,"hasContent":false,"attachmentStep":false}],"testStage":{"status":"passed","steps":[],"attachments":[{"uid":"379a929035f67add","name":"stdout","source":"379a929035f67add.txt","type":"text/plain","size":31}],"parameters":[],"shouldDisplayMessage":false,"stepsCount":0,"attachmentsCount":1,"hasContent":true,"attachmentStep":false},"afterStages":[],"labels":[{"name":"parentSuite","value":"tests"},{"name":"suite","value":"test_smoke"},{"name":"host","value":"DESKTOP-MDK9U0G"},{"name":"thread","value":"23168-MainThread"},{"name":"framework","value":"pytest"},{"name":"language","value":"cpython3"},{"name":"package","value":"tests.test_smoke"},{"name":"resultFormat","value":"allure2"}],"parameters":[],"links":[],"hidden":false,"retry":false,"extra":{"severity":"normal","retries":[{"uid":"7d94622ecbbffad6","status":"broken","statusDetails":"NameError: name 'time' is not defined","time":{"start":1770729396539,"stop":1770729424394,"duration":27855}},{"uid":"1233c7aa05d8bb0c","status":"broken","statusDetails":"selenium.common.exceptions.NoSuchElementException: Message: no such element: Unable to locate element: {\"method\":\"css selector\",\"selector\":\"[name=\"username\"]\"}\n  (Session info: chrome=144.0.7559.133); For documentation on this error, please visit: https://www.selenium.dev/documentation/webdriver/troubleshooting/errors#no-such-element-exception\nStacktrace:\nSymbols not available. Dumping unresolved backtrace:\n\t0x7ff6debef3d5\n\t0x7ff6debef430\n\t0x7ff6de9910bd\n\t0x7ff6de9ec2fe\n\t0x7ff6de9ec60c\n\t0x7ff6dea3d187\n\t0x7ff6dea39d08\n\t0x7ff6de9dcb0c\n\t0x7ff6de9dda53\n\t0x7ff6deecb470\n\t0x7ff6deec586d\n\t0x7ff6deee621a\n\t0x7ff6dec0b235\n\t0x7ff6dec13a5c\n\t0x7ff6debf8844\n\t0x7ff6debf89f6\n\t0x7ff6debdeb87\n\t0x7ff91b12e8d7\n\t0x7ff91b5ec53c","time":{"start":1770729353427,"stop":1770729362281,"duration":8854}},{"uid":"17b73f758a2a9957","status":"broken","statusDetails":"selenium.common.exceptions.NoSuchElementException: Message: no such element: Unable to locate element: {\"method\":\"css selector\",\"selector\":\"[name=\"username\"]\"}\n  (Session info: chrome=144.0.7559.133); For documentation on this error, please visit: https://www.selenium.dev/documentation/webdriver/troubleshooting/errors#no-such-element-exception\nStacktrace:\nSymbols not available. Dumping unresolved backtrace:\n\t0x7ff6debef3d5\n\t0x7ff6debef430\n\t0x7ff6de9910bd\n\t0x7ff6de9ec2fe\n\t0x7ff6de9ec60c\n\t0x7ff6dea3d187\n\t0x7ff6dea39d08\n\t0x7ff6de9dcb0c\n\t0x7ff6de9dda53\n\t0x7ff6deecb470\n\t0x7ff6deec586d\n\t0x7ff6deee621a\n\t0x7ff6dec0b235\n\t0x7ff6dec13a5c\n\t0x7ff6debf8844\n\t0x7ff6debf89f6\n\t0x7ff6debdeb87\n\t0x7ff91b12e8d7\n\t0x7ff91b5ec53c","time":{"start":1770729335181,"stop":1770729340647,"duration":5466}}],"categories":[],"tags":[]},"source":"439fa680f57d2653.json","parameterValues":[]}